<?xml version="1.0" encoding="UTF-8"?>
<!-- Generated by org.testng.reporters.JUnitReportReporter -->
<testsuite skipped="0" hostname="AlekyaKrishna" name="com.pack.pageobjects.HomePageTest" tests="2" failures="0" timestamp="09 Oct 2017 14:52:57 GMT" time="16.754" errors="0">
  <testcase name="verifyHomePage" time="0.149" classname="com.pack.pageobjects.HomePageTest"/>
  <testcase name="verifyLogInFunction" time="16.605" classname="com.pack.pageobjects.HomePageTest"/>
</testsuite> <!-- com.pack.pageobjects.HomePageTest -->
